<?xml version="1.0" encoding="utf-8"?><testsuites name="pytest tests"><testsuite name="pytest" errors="0" failures="0" skipped="0" tests="6" time="1.064" timestamp="2026-04-27T21:15:01.691557+00:00" hostname="agent-env-a1401ee2-250f-4e8e-a041-627e0d0c7e56"><testcase classname="tests.test_auth.TestAuthEndpoints" name="test_get_me_with_bearer_token" time="0.276" /><testcase classname="tests.test_auth.TestAuthEndpoints" name="test_get_me_with_cookie" time="0.177" /><testcase classname="tests.test_auth.TestAuthEndpoints" name="test_get_me_without_auth" time="0.169" /><testcase classname="tests.test_auth.TestAuthEndpoints" name="test_get_me_with_invalid_token" time="0.125" /><testcase classname="tests.test_auth.TestAuthEndpoints" name="test_logout_endpoint" time="0.153" /><testcase classname="tests.test_auth.TestAuthEndpoints" name="test_api_root" time="0.100" /></testsuite></testsuites>